{"level":"warn","message":"\n warn 达到最大递归深度 10, 停止抓取后续章节.","timestamp":"2024-06-20 11:21:32"}
{"level":"warn","message":"\n 错误章节名称:第四十二话 You are beautiful","timestamp":"2024-06-20 11:21:32"}
{"level":"warn","message":"\n 错误章节地址:http://m.ggdwx.net/book/107056/49996057_11.html","timestamp":"2024-06-20 11:21:32"}
{"level":"warn","message":"\n warn 达到最大递归深度 10, 停止抓取后续章节.","timestamp":"2024-06-20 11:21:32"}
{"level":"warn","message":"\n 错误章节名称:第一百三十八话 光之战士","timestamp":"2024-06-20 11:21:32"}
{"level":"warn","message":"\n 错误章节地址:http://m.ggdwx.net/book/107056/49995982_11.html","timestamp":"2024-06-20 11:21:32"}
{"level":"warn","message":"\n warn 达到最大递归深度 10, 停止抓取后续章节.","timestamp":"2024-06-20 11:21:32"}
{"level":"warn","message":"\n 错误章节名称:第六十八话 绝世无敌","timestamp":"2024-06-20 11:21:32"}
{"level":"warn","message":"\n 错误章节地址:http://m.ggdwx.net/book/107056/51206616_11.html","timestamp":"2024-06-20 11:21:32"}
{"level":"warn","message":"\n warn 达到最大递归深度 10, 停止抓取后续章节.","timestamp":"2024-06-20 11:21:32"}
{"level":"warn","message":"\n 错误章节名称:卷末 来一包薄荷香烟","timestamp":"2024-06-20 11:21:32"}
{"level":"warn","message":"\n 错误章节地址:http://m.ggdwx.net/book/107056/49996005_11.html","timestamp":"2024-06-20 11:21:32"}
{"level":"info","message":"操作完成，处理章节数量506,总共耗时: 10.64 秒","timestamp":"2024-06-20 11:21:35"}
{"level":"warn","message":"\n warn 达到最大递归深度 10, 停止抓取后续章节.","timestamp":"2024-06-20 11:23:49"}
{"level":"warn","message":"\n 错误章节名称:卷末 来一包薄荷香烟","timestamp":"2024-06-20 11:23:49"}
{"level":"warn","message":"\n 错误章节地址:http://m.ggdwx.net/book/107056/49996005_11.html","timestamp":"2024-06-20 11:23:49"}
{"level":"warn","message":"\n warn 达到最大递归深度 10, 停止抓取后续章节.","timestamp":"2024-06-20 11:23:49"}
{"level":"warn","message":"\n 错误章节名称:第四十二话 You are beautiful","timestamp":"2024-06-20 11:23:49"}
{"level":"warn","message":"\n 错误章节地址:http://m.ggdwx.net/book/107056/49996057_11.html","timestamp":"2024-06-20 11:23:49"}
{"level":"warn","message":"\n warn 达到最大递归深度 10, 停止抓取后续章节.","timestamp":"2024-06-20 11:23:49"}
{"level":"warn","message":"\n 错误章节名称:第一百三十八话 光之战士","timestamp":"2024-06-20 11:23:49"}
{"level":"warn","message":"\n 错误章节地址:http://m.ggdwx.net/book/107056/49995982_11.html","timestamp":"2024-06-20 11:23:49"}
{"level":"warn","message":"\n warn 达到最大递归深度 10, 停止抓取后续章节.","timestamp":"2024-06-20 11:23:49"}
{"level":"warn","message":"\n 错误章节名称:第六十八话 绝世无敌","timestamp":"2024-06-20 11:23:49"}
{"level":"warn","message":"\n 错误章节地址:http://m.ggdwx.net/book/107056/51206616_11.html","timestamp":"2024-06-20 11:23:49"}
{"level":"info","message":"操作完成，处理章节数量506,总共耗时: 108.73 秒","timestamp":"2024-06-20 11:25:29"}
{"level":"info","message":"处理章节数量: 10","timestamp":"2024-06-20 11:28:38"}
{"level":"info","message":"最大递归深度: 10","timestamp":"2024-06-20 11:28:38"}
{"level":"info","message":"延迟时间: 1000毫秒","timestamp":"2024-06-20 11:28:38"}
{"level":"info","message":"并发请求的最大数量: 5","timestamp":"2024-06-20 11:28:38"}
{"level":"info","message":"操作完成, 总共耗时: 9.53 秒","timestamp":"2024-06-20 11:28:38"}
{"level":"info","message":"处理章节数量: 10","timestamp":"2024-06-20 11:29:23"}
{"level":"info","message":"最大递归深度: 10","timestamp":"2024-06-20 11:29:23"}
{"level":"info","message":"延迟时间: 1000毫秒","timestamp":"2024-06-20 11:29:23"}
{"level":"info","message":"并发请求的最大数量: 5","timestamp":"2024-06-20 11:29:23"}
{"level":"info","message":"操作完成, 总共耗时: 8.32 秒","timestamp":"2024-06-20 11:29:23"}
{"level":"info","message":"处理章节数量: 10","timestamp":"2024-06-20 11:33:11"}
{"level":"info","message":"最大递归深度: 10","timestamp":"2024-06-20 11:33:11"}
{"level":"info","message":"延迟时间: 1000毫秒","timestamp":"2024-06-20 11:33:11"}
{"level":"info","message":"并发请求的最大数量: 5","timestamp":"2024-06-20 11:33:11"}
{"level":"info","message":"操作完成, 总共耗时: 8.60 秒","timestamp":"2024-06-20 11:33:11"}
